<?xml version="1.0" encoding="UTF-8"?>
<!-- Generated by org.testng.reporters.JUnitXMLReporter -->
<testsuite hostname="DESKTOP-FCLS8O9" ignored="0" tests="3" failures="1" timestamp="10 Feb 2019 21:00:33 GMT" time="31.569" errors="0">
  <testcase name="launchChromeBrowser" time="18.528" classname="FirstTestNgScript"/>
  <testcase name="loginAccount" time="12.96" classname="FirstTestNgScript">
    <failure type="java.lang.AssertionError" message="expected [true] but found [false]">
      <![CDATA[java.lang.AssertionError: expected [true] but found [false]
at FirstTestNgScript.loginAccount(FirstTestNgScript.java:74)
... Removed 29 stack frames]]>
    </failure>
  </testcase> <!-- loginAccount -->
  <testcase name="logoutAccount" time="0.0" classname="FirstTestNgScript">
    <skipped/>
  </testcase> <!-- logoutAccount -->
</testsuite>
