<?xml version="1.0" encoding="UTF-8"?>
<testng-results skipped="0" failed="0" ignored="0" total="1" passed="1">
  <reporter-output>
  </reporter-output>
  <suite name="Default suite" duration-ms="27031" started-at="2020-05-13T17:58:10 CDT" finished-at="2020-05-13T17:58:37 CDT">
    <groups>
      <group name="Regression">
        <method signature="FlightClubButtonSmokeTest.I_Land_on_FlightClub_HomePage()[pri:1, instance:com.qa.stepDefinition.FlightClubButtonSmokeTest@4148db48]" name="I_Land_on_FlightClub_HomePage" class="com.qa.stepDefinition.FlightClubButtonSmokeTest"/>
      </group> <!-- Regression -->
    </groups>
    <test name="Default test" duration-ms="27031" started-at="2020-05-13T17:58:10 CDT" finished-at="2020-05-13T17:58:37 CDT">
      <class name="com.qa.stepDefinition.FlightClubButtonSmokeTest">
        <test-method status="PASS" signature="startTest()[pri:0, instance:com.qa.stepDefinition.FlightClubButtonSmokeTest@4148db48]" name="startTest" is-config="true" duration-ms="13225" started-at="2020-05-13T17:58:10 CDT" finished-at="2020-05-13T17:58:23 CDT">
          <reporter-output>
          </reporter-output>
        </test-method> <!-- startTest -->
        <test-method status="PASS" signature="I_Land_on_FlightClub_HomePage()[pri:1, instance:com.qa.stepDefinition.FlightClubButtonSmokeTest@4148db48]" name="I_Land_on_FlightClub_HomePage" duration-ms="9272" started-at="2020-05-13T17:58:23 CDT" finished-at="2020-05-13T17:58:32 CDT">
          <reporter-output>
          </reporter-output>
        </test-method> <!-- I_Land_on_FlightClub_HomePage -->
        <test-method status="PASS" signature="endTest()[pri:0, instance:com.qa.stepDefinition.FlightClubButtonSmokeTest@4148db48]" name="endTest" is-config="true" duration-ms="4460" started-at="2020-05-13T17:58:32 CDT" finished-at="2020-05-13T17:58:37 CDT">
          <reporter-output>
          </reporter-output>
        </test-method> <!-- endTest -->
      </class> <!-- com.qa.stepDefinition.FlightClubButtonSmokeTest -->
    </test> <!-- Default test -->
  </suite> <!-- Default suite -->
</testng-results>
